<?xml version="1.0" encoding="UTF-8"?>
<testng-results ignored="0" total="2" passed="2" failed="0" skipped="0">
  <reporter-output>
  </reporter-output>
  <suite started-at="2019-04-24T11:01:43Z" name="Suite" finished-at="2019-04-24T11:01:43Z" duration-ms="44">
    <groups>
    </groups>
    <test started-at="2019-04-24T11:01:43Z" name="Test" finished-at="2019-04-24T11:01:43Z" duration-ms="44">
      <class name="com.test.TestNGBasics">
        <test-method is-config="true" signature="setUp()[pri:0, instance:com.test.TestNGBasics@79d8407f]" started-at="2019-04-24T11:01:43Z" name="setUp" finished-at="2019-04-24T11:01:43Z" duration-ms="21" status="PASS">
          <reporter-output>
          </reporter-output>
        </test-method> <!-- setUp -->
        <test-method is-config="true" signature="setUp()[pri:0, instance:com.test.TestNGBasics2@5fbe4146]" started-at="2019-04-24T11:01:43Z" name="setUp" finished-at="2019-04-24T11:01:43Z" duration-ms="0" status="PASS">
          <reporter-output>
          </reporter-output>
        </test-method> <!-- setUp -->
        <test-method is-config="true" signature="launchBrowser()[pri:0, instance:com.test.TestNGBasics2@5fbe4146]" started-at="2019-04-24T11:01:43Z" name="launchBrowser" finished-at="2019-04-24T11:01:43Z" duration-ms="1" status="PASS">
          <reporter-output>
          </reporter-output>
        </test-method> <!-- launchBrowser -->
        <test-method is-config="true" signature="launchBrowser()[pri:0, instance:com.test.TestNGBasics@79d8407f]" started-at="2019-04-24T11:01:43Z" name="launchBrowser" finished-at="2019-04-24T11:01:43Z" duration-ms="0" status="PASS">
          <reporter-output>
          </reporter-output>
        </test-method> <!-- launchBrowser -->
        <test-method is-config="true" signature="login()[pri:0, instance:com.test.TestNGBasics@79d8407f]" started-at="2019-04-24T11:01:43Z" name="login" finished-at="2019-04-24T11:01:43Z" duration-ms="1" status="PASS">
          <reporter-output>
          </reporter-output>
        </test-method> <!-- login -->
        <test-method signature="googleTitleTest()[pri:0, instance:com.test.TestNGBasics@79d8407f]" started-at="2019-04-24T11:01:43Z" name="googleTitleTest" finished-at="2019-04-24T11:01:43Z" duration-ms="7" status="PASS">
          <reporter-output>
          </reporter-output>
        </test-method> <!-- googleTitleTest -->
        <test-method is-config="true" signature="enterURL()[pri:0, instance:com.test.TestNGBasics@79d8407f]" started-at="2019-04-24T11:01:43Z" name="enterURL" finished-at="2019-04-24T11:01:43Z" duration-ms="0" status="PASS">
          <reporter-output>
          </reporter-output>
        </test-method> <!-- enterURL -->
        <test-method is-config="true" signature="logout()[pri:0, instance:com.test.TestNGBasics@79d8407f]" started-at="2019-04-24T11:01:43Z" name="logout" finished-at="2019-04-24T11:01:43Z" duration-ms="0" status="PASS">
          <reporter-output>
          </reporter-output>
        </test-method> <!-- logout -->
        <test-method is-config="true" signature="closeBrowser()[pri:0, instance:com.test.TestNGBasics@79d8407f]" started-at="2019-04-24T11:01:43Z" name="closeBrowser" finished-at="2019-04-24T11:01:43Z" duration-ms="1" status="PASS">
          <reporter-output>
          </reporter-output>
        </test-method> <!-- closeBrowser -->
        <test-method is-config="true" signature="deleteAllCookies()[pri:0, instance:com.test.TestNGBasics@79d8407f]" started-at="2019-04-24T11:01:43Z" name="deleteAllCookies" finished-at="2019-04-24T11:01:43Z" duration-ms="1" status="PASS">
          <reporter-output>
          </reporter-output>
        </test-method> <!-- deleteAllCookies -->
        <test-method is-config="true" signature="deleteAllCookies()[pri:0, instance:com.test.TestNGBasics2@5fbe4146]" started-at="2019-04-24T11:01:43Z" name="deleteAllCookies" finished-at="2019-04-24T11:01:43Z" duration-ms="0" status="PASS">
          <reporter-output>
          </reporter-output>
        </test-method> <!-- deleteAllCookies -->
        <test-method is-config="true" signature="generateTestReport()[pri:0, instance:com.test.TestNGBasics@79d8407f]" started-at="2019-04-24T11:01:44Z" name="generateTestReport" finished-at="2019-04-24T11:01:44Z" duration-ms="0" status="PASS">
          <reporter-output>
          </reporter-output>
        </test-method> <!-- generateTestReport -->
        <test-method is-config="true" signature="generateTestReport()[pri:0, instance:com.test.TestNGBasics2@5fbe4146]" started-at="2019-04-24T11:01:44Z" name="generateTestReport" finished-at="2019-04-24T11:01:44Z" duration-ms="1" status="PASS">
          <reporter-output>
          </reporter-output>
        </test-method> <!-- generateTestReport -->
      </class> <!-- com.test.TestNGBasics -->
      <class name="com.test.TestNGBasics2">
        <test-method is-config="true" signature="login()[pri:0, instance:com.test.TestNGBasics2@5fbe4146]" started-at="2019-04-24T11:01:43Z" name="login" finished-at="2019-04-24T11:01:43Z" duration-ms="0" status="PASS">
          <reporter-output>
          </reporter-output>
        </test-method> <!-- login -->
        <test-method is-config="true" signature="enterURL()[pri:0, instance:com.test.TestNGBasics2@5fbe4146]" started-at="2019-04-24T11:01:43Z" name="enterURL" finished-at="2019-04-24T11:01:43Z" duration-ms="0" status="PASS">
          <reporter-output>
          </reporter-output>
        </test-method> <!-- enterURL -->
        <test-method signature="googleTitleTest()[pri:0, instance:com.test.TestNGBasics2@5fbe4146]" started-at="2019-04-24T11:01:43Z" name="googleTitleTest" finished-at="2019-04-24T11:01:43Z" duration-ms="3" status="PASS">
          <reporter-output>
          </reporter-output>
        </test-method> <!-- googleTitleTest -->
        <test-method is-config="true" signature="logout()[pri:0, instance:com.test.TestNGBasics2@5fbe4146]" started-at="2019-04-24T11:01:43Z" name="logout" finished-at="2019-04-24T11:01:43Z" duration-ms="1" status="PASS">
          <reporter-output>
          </reporter-output>
        </test-method> <!-- logout -->
        <test-method is-config="true" signature="closeBrowser()[pri:0, instance:com.test.TestNGBasics2@5fbe4146]" started-at="2019-04-24T11:01:43Z" name="closeBrowser" finished-at="2019-04-24T11:01:43Z" duration-ms="1" status="PASS">
          <reporter-output>
          </reporter-output>
        </test-method> <!-- closeBrowser -->
      </class> <!-- com.test.TestNGBasics2 -->
    </test> <!-- Test -->
  </suite> <!-- Suite -->
</testng-results>
