<?xml version="1.0" encoding="UTF-8"?>
<testng-results total="0" passed="0" failed="0" skipped="0">
  <reporter-output>
  </reporter-output>
  <suite started-at="2019-04-24T11:04:12Z" name="TestNG.TestNG.AppTest" finished-at="2019-04-24T11:04:12Z" duration-ms="3">
    <groups>
    </groups>
    <test started-at="2019-04-24T11:04:12Z" name="Command line test" finished-at="2019-04-24T11:04:12Z" duration-ms="3">
    </test> <!-- Command line test -->
  </suite> <!-- TestNG.TestNG.AppTest -->
</testng-results>
